Using pre-set license
Built from '2020.3/staging' branch; Version is '2020.3.22f1 (e1a7f79fd887) revision 14788599'; Using compiler version '192528614'; Build Type 'Release'
OS: 'Windows 10 Pro; OS build 19042.1348; Version 2009; 64bit' Language: 'ko' Physical Memory: 16226 MB
BatchMode: 1, IsHumanControllingUs: 0, StartBugReporterOnCrash: 0, Is64bit: 1, IsPro: 0

COMMAND LINE ARGUMENTS:
C:\Program Files\Unity\Hub\Editor\2020.3.22f1\Editor\Unity.exe
-adb2
-batchMode
-noUpm
-name
AssetImportWorker0
-projectPath
C:/Users/wlstj/Desktop/UnityProjects/GoldBalanceTeam
-logFile
Logs/AssetImportWorker0.log
-srvPort
58311
Successfully changed project path to: C:/Users/wlstj/Desktop/UnityProjects/GoldBalanceTeam
C:/Users/wlstj/Desktop/UnityProjects/GoldBalanceTeam
Using Asset Import Pipeline V2.
Refreshing native plugins compatible for Editor in 191.13 ms, found 3 plugins.
Preloading 0 native plugins for Editor in 0.00 ms.
Initialize engine version: 2020.3.22f1 (e1a7f79fd887)
[Subsystems] Discovering subsystems at path C:/Program Files/Unity/Hub/Editor/2020.3.22f1/Editor/Data/Resources/UnitySubsystems
[Subsystems] Discovering subsystems at path C:/Users/wlstj/Desktop/UnityProjects/GoldBalanceTeam/Assets
GfxDevice: creating device client; threaded=0
Direct3D:
    Version:  Direct3D 11.0 [level 11.1]
    Renderer: NVIDIA GeForce RTX 2060 (ID=0x1f15)
    Vendor:   
    VRAM:     5980 MB
    Driver:   26.21.14.4223
Initialize mono
Mono path[0] = 'C:/Program Files/Unity/Hub/Editor/2020.3.22f1/Editor/Data/Managed'
Mono path[1] = 'C:/Program Files/Unity/Hub/Editor/2020.3.22f1/Editor/Data/MonoBleedingEdge/lib/mono/unityjit'
Mono config path = 'C:/Program Files/Unity/Hub/Editor/2020.3.22f1/Editor/Data/MonoBleedingEdge/etc'
Using monoOptions --debugger-agent=transport=dt_socket,embedding=1,server=y,suspend=n,address=127.0.0.1:56504
Begin MonoManager ReloadAssembly
Registering precompiled unity dll's ...
Register platform support module: C:/Program Files/Unity/Hub/Editor/2020.3.22f1/Editor/Data/PlaybackEngines/WindowsStandaloneSupport/UnityEditor.WindowsStandalone.Extensions.dll
Registered in 0.009680 seconds.
Native extension for WindowsStandalone target not found
Refreshing native plugins compatible for Editor in 116.90 ms, found 3 plugins.
Preloading 0 native plugins for Editor in 0.00 ms.
Mono: successfully reloaded assembly
- Completed reload, in  3.127 seconds
Domain Reload Profiling:
	ReloadAssembly (3127ms)
		BeginReloadAssembly (166ms)
			ExecutionOrderSort (0ms)
			DisableScriptedObjects (0ms)
			BackupInstance (0ms)
			ReleaseScriptingObjects (0ms)
			CreateAndSetChildDomain (2ms)
		EndReloadAssembly (1194ms)
			LoadAssemblies (159ms)
			RebuildTransferFunctionScriptingTraits (0ms)
			SetupTypeCache (500ms)
			ReleaseScriptCaches (0ms)
			RebuildScriptCaches (68ms)
			SetupLoadedEditorAssemblies (373ms)
				LogAssemblyErrors (0ms)
				InitializePlatformSupportModulesInManaged (9ms)
				SetLoadedEditorAssemblies (0ms)
				RefreshPlugins (117ms)
				BeforeProcessingInitializeOnLoad (33ms)
				ProcessInitializeOnLoadAttributes (157ms)
				ProcessInitializeOnLoadMethodAttributes (56ms)
				AfterProcessingInitializeOnLoad (0ms)
				EditorAssembliesLoaded (0ms)
			ExecutionOrderSort2 (0ms)
			AwakeInstancesAfterBackupRestoration (0ms)
Platform modules already initialized, skipping
Registering precompiled user dll's ...
Registered in 0.025087 seconds.
Begin MonoManager ReloadAssembly
Native extension for WindowsStandalone target not found
Refreshing native plugins compatible for Editor in 113.76 ms, found 3 plugins.
Preloading 0 native plugins for Editor in 0.00 ms.
Mono: successfully reloaded assembly
- Completed reload, in  2.924 seconds
Domain Reload Profiling:
	ReloadAssembly (2927ms)
		BeginReloadAssembly (336ms)
			ExecutionOrderSort (0ms)
			DisableScriptedObjects (10ms)
			BackupInstance (0ms)
			ReleaseScriptingObjects (0ms)
			CreateAndSetChildDomain (35ms)
		EndReloadAssembly (2443ms)
			LoadAssemblies (256ms)
			RebuildTransferFunctionScriptingTraits (0ms)
			SetupTypeCache (768ms)
			ReleaseScriptCaches (1ms)
			RebuildScriptCaches (121ms)
			SetupLoadedEditorAssemblies (1027ms)
				LogAssemblyErrors (0ms)
				InitializePlatformSupportModulesInManaged (8ms)
				SetLoadedEditorAssemblies (0ms)
				RefreshPlugins (114ms)
				BeforeProcessingInitializeOnLoad (278ms)
				ProcessInitializeOnLoadAttributes (570ms)
				ProcessInitializeOnLoadMethodAttributes (33ms)
				AfterProcessingInitializeOnLoad (24ms)
				EditorAssembliesLoaded (0ms)
			ExecutionOrderSort2 (0ms)
			AwakeInstancesAfterBackupRestoration (16ms)
Platform modules already initialized, skipping
========================================================================
Worker process is ready to serve import requests
Launched and connected shader compiler UnityShaderCompiler.exe after 0.19 seconds
Refreshing native plugins compatible for Editor in 0.95 ms, found 3 plugins.
Preloading 0 native plugins for Editor in 0.00 ms.
Unloading 2794 Unused Serialized files (Serialized files now loaded: 0)
System memory in use before: 117.7 MB.
System memory in use after: 117.9 MB.

Unloading 33 unused Assets to reduce memory usage. Loaded Objects now: 3238.
Total: 7.299300 ms (FindLiveObjects: 0.462700 ms CreateObjectMapping: 0.299900 ms MarkObjects: 6.326000 ms  DeleteObjects: 0.208200 ms)

AssetImportParameters requested are different than current active one (requested -> active):
  custom:framework-win-MediaFoundation: 216162199b28c13a410421893ffa2e32 -> 
  custom:video-decoder-ogg-theora: a1e56fd34408186e4bbccfd4996cb3dc -> 
  custom:container-muxer-webm: aa71ff27fc2769a1b78a27578f13a17b -> 
  custom:container-demuxer-webm: 4f35f7cbe854078d1ac9338744f61a02 -> 
  custom:container-demuxer-ogg: 62fdf1f143b41e24485cea50d1cbac27 -> 
  custom:video-encoder-webm-vp8: eb34c28f22e8b96e1ab97ce403110664 -> 
  custom:video-decoder-webm-vp8: 9c59270c3fd7afecdb556c50c9e8de78 -> 
  custom:audio-decoder-ogg-vorbis: bf7c407c2cedff20999df2af8eb42d56 -> 
  custom:audio-encoder-webm-vorbis: bf7c407c2cedff20999df2af8eb42d56 -> 
========================================================================
Received Import Request.
  path: Assets/Scenes/Stage2.unity
  artifactKey: Guid(e576619c2a3eff64a90a44588ceaa186) Importer(815301076,1909f56bfc062723c751e8b465ee728b)
Start importing Assets/Scenes/Stage2.unity using Guid(e576619c2a3eff64a90a44588ceaa186) Importer(815301076,1909f56bfc062723c751e8b465ee728b)  -> (artifact id: '0e68b81c29bbae4ee4bf682145dc9ee2') in 0.044401 seconds 
  Import took 0.052250 seconds .

========================================================================
Received Import Request.
  Time since last request: 36.544869 seconds.
  path: Assets/Prefab/MapObject/Wall.prefab
  artifactKey: Guid(12f784463beee8b488772f2716a2299e) Importer(815301076,1909f56bfc062723c751e8b465ee728b)
Start importing Assets/Prefab/MapObject/Wall.prefab using Guid(12f784463beee8b488772f2716a2299e) Importer(815301076,1909f56bfc062723c751e8b465ee728b)  -> (artifact id: '9d7e51823e88d4219847dc02e83d83e3') in 0.231537 seconds 
  Import took 0.239893 seconds .

========================================================================
Received Import Request.
  Time since last request: 123.887080 seconds.
  path: Assets/Prefab/MapObject/house2.prefab
  artifactKey: Guid(2a60b25a3b03fb146ad44c21484f9f16) Importer(815301076,1909f56bfc062723c751e8b465ee728b)
Start importing Assets/Prefab/MapObject/house2.prefab using Guid(2a60b25a3b03fb146ad44c21484f9f16) Importer(815301076,1909f56bfc062723c751e8b465ee728b)  -> (artifact id: 'e8947c244e4608d0f8dd227611023747') in 0.039681 seconds 
  Import took 0.048232 seconds .

========================================================================
Received Import Request.
  Time since last request: 8.495632 seconds.
  path: Assets/Scenes/Stage2.unity
  artifactKey: Guid(e576619c2a3eff64a90a44588ceaa186) Importer(815301076,1909f56bfc062723c751e8b465ee728b)
Start importing Assets/Scenes/Stage2.unity using Guid(e576619c2a3eff64a90a44588ceaa186) Importer(815301076,1909f56bfc062723c751e8b465ee728b)  -> (artifact id: 'c7579e5ed16e48385af9ef3e52b4e825') in 0.009162 seconds 
  Import took 0.018107 seconds .

========================================================================
Received Import Request.
  Time since last request: 1685.547307 seconds.
  path: Assets/Prefab/MapObject/Box1.prefab
  artifactKey: Guid(5ee39f0781981f942bcb24463a7b7b95) Importer(815301076,1909f56bfc062723c751e8b465ee728b)
Start importing Assets/Prefab/MapObject/Box1.prefab using Guid(5ee39f0781981f942bcb24463a7b7b95) Importer(815301076,1909f56bfc062723c751e8b465ee728b)  -> (artifact id: '1c0855bb31a02acfa76e5c3b6a1294db') in 0.039748 seconds 
  Import took 0.050082 seconds .

========================================================================
Received Import Request.
  Time since last request: 0.000586 seconds.
  path: Assets/Prefab/MapObject/Box3.prefab
  artifactKey: Guid(cdeb59630db31be48aed5aee0cfb6ece) Importer(815301076,1909f56bfc062723c751e8b465ee728b)
Start importing Assets/Prefab/MapObject/Box3.prefab using Guid(cdeb59630db31be48aed5aee0cfb6ece) Importer(815301076,1909f56bfc062723c751e8b465ee728b)  -> (artifact id: '128109af63d4c0b709d5f2c64951c393') in 0.034785 seconds 
  Import took 0.043795 seconds .

========================================================================
Received Import Request.
  Time since last request: 0.000579 seconds.
  path: Assets/Prefab/MapObject/Box2.prefab
  artifactKey: Guid(52d1302cdfba212449e17ac99aa45b54) Importer(815301076,1909f56bfc062723c751e8b465ee728b)
Start importing Assets/Prefab/MapObject/Box2.prefab using Guid(52d1302cdfba212449e17ac99aa45b54) Importer(815301076,1909f56bfc062723c751e8b465ee728b)  -> (artifact id: '36dd7243457047e274db2e83ceeb59f2') in 0.036733 seconds 
  Import took 0.045384 seconds .

========================================================================
Received Import Request.
  Time since last request: 1.540623 seconds.
  path: Assets/Prefab/MapObject/Box1.prefab
  artifactKey: Guid(5ee39f0781981f942bcb24463a7b7b95) Importer(815301076,1909f56bfc062723c751e8b465ee728b)
Start importing Assets/Prefab/MapObject/Box1.prefab using Guid(5ee39f0781981f942bcb24463a7b7b95) Importer(815301076,1909f56bfc062723c751e8b465ee728b)  -> (artifact id: '135fa9082225a9552a093469c847b9a3') in 0.030872 seconds 
  Import took 0.040425 seconds .

========================================================================
Received Import Request.
  Time since last request: 0.000777 seconds.
  path: Assets/Prefab/MapObject/Box3.prefab
  artifactKey: Guid(cdeb59630db31be48aed5aee0cfb6ece) Importer(815301076,1909f56bfc062723c751e8b465ee728b)
Start importing Assets/Prefab/MapObject/Box3.prefab using Guid(cdeb59630db31be48aed5aee0cfb6ece) Importer(815301076,1909f56bfc062723c751e8b465ee728b)  -> (artifact id: '3b25518ef05c47bcfd8e7f9e472a9aa2') in 0.029044 seconds 
  Import took 0.037807 seconds .

========================================================================
Received Import Request.
  Time since last request: 0.000591 seconds.
  path: Assets/Prefab/MapObject/Box2.prefab
  artifactKey: Guid(52d1302cdfba212449e17ac99aa45b54) Importer(815301076,1909f56bfc062723c751e8b465ee728b)
Start importing Assets/Prefab/MapObject/Box2.prefab using Guid(52d1302cdfba212449e17ac99aa45b54) Importer(815301076,1909f56bfc062723c751e8b465ee728b)  -> (artifact id: '3a86598175f9a772607e6fbbfa38fb03') in 0.027096 seconds 
  Import took 0.038470 seconds .

========================================================================
Received Import Request.
  Time since last request: 369.499376 seconds.
  path: Assets/Prefab/MapObject/house3.prefab
  artifactKey: Guid(1c4ff3e14c8fb0749b91cb6acd1a0f74) Importer(815301076,1909f56bfc062723c751e8b465ee728b)
Start importing Assets/Prefab/MapObject/house3.prefab using Guid(1c4ff3e14c8fb0749b91cb6acd1a0f74) Importer(815301076,1909f56bfc062723c751e8b465ee728b)  -> (artifact id: '898eb0bf470799abe5411aee6aa09c3a') in 0.029872 seconds 
  Import took 0.039975 seconds .

========================================================================
Received Import Request.
  Time since last request: 762.049930 seconds.
  path: ProjectSettings/TagManager.asset
  artifactKey: Guid(00000000000000003000000000000000) Importer(815301076,1909f56bfc062723c751e8b465ee728b)
Start importing ProjectSettings/TagManager.asset using Guid(00000000000000003000000000000000) Importer(815301076,1909f56bfc062723c751e8b465ee728b)  -> (artifact id: '3e003a9851e4d0fa54ff65fc5f1e5f48') in 0.030563 seconds 
  Import took 0.040735 seconds .

========================================================================
Received Import Request.
  Time since last request: 23.333682 seconds.
  path: Assets/Prefab/MapObject/house4.prefab
  artifactKey: Guid(c5fd7865a1b07c4419c2323f74172bf3) Importer(815301076,1909f56bfc062723c751e8b465ee728b)
Start importing Assets/Prefab/MapObject/house4.prefab using Guid(c5fd7865a1b07c4419c2323f74172bf3) Importer(815301076,1909f56bfc062723c751e8b465ee728b)  -> (artifact id: 'd3cbd4d85f809299faa980bb44c61361') in 0.032372 seconds 
  Import took 0.041913 seconds .

========================================================================
Received Import Request.
  Time since last request: 6.296643 seconds.
  path: Assets/Prefab/MapObject/house2.prefab
  artifactKey: Guid(2a60b25a3b03fb146ad44c21484f9f16) Importer(815301076,1909f56bfc062723c751e8b465ee728b)
Start importing Assets/Prefab/MapObject/house2.prefab using Guid(2a60b25a3b03fb146ad44c21484f9f16) Importer(815301076,1909f56bfc062723c751e8b465ee728b)  -> (artifact id: 'da6fd52d35b37a1814b00f42af576aa1') in 0.024560 seconds 
  Import took 0.033230 seconds .

========================================================================
Received Import Request.
  Time since last request: 0.000448 seconds.
  path: Assets/Prefab/MapObject/house3.prefab
  artifactKey: Guid(1c4ff3e14c8fb0749b91cb6acd1a0f74) Importer(815301076,1909f56bfc062723c751e8b465ee728b)
Start importing Assets/Prefab/MapObject/house3.prefab using Guid(1c4ff3e14c8fb0749b91cb6acd1a0f74) Importer(815301076,1909f56bfc062723c751e8b465ee728b)  -> (artifact id: '4aa8b7c9bf83957065b362f6d6fd44ac') in 0.027006 seconds 
  Import took 0.036580 seconds .

========================================================================
Received Import Request.
  Time since last request: 0.000545 seconds.
  path: Assets/Prefab/MapObject/house4.prefab
  artifactKey: Guid(c5fd7865a1b07c4419c2323f74172bf3) Importer(815301076,1909f56bfc062723c751e8b465ee728b)
Start importing Assets/Prefab/MapObject/house4.prefab using Guid(c5fd7865a1b07c4419c2323f74172bf3) Importer(815301076,1909f56bfc062723c751e8b465ee728b)  -> (artifact id: 'd58d3b07297fca658554d8ec63823004') in 0.020397 seconds 
  Import took 0.029169 seconds .

========================================================================
Received Import Request.
  Time since last request: 8200.537774 seconds.
  path: Assets/MyAsset/beretta 92.png
  artifactKey: Guid(b90c36fe95a98fc4799f9f8adaeb7fda) Importer(815301076,1909f56bfc062723c751e8b465ee728b)
Start importing Assets/MyAsset/beretta 92.png using Guid(b90c36fe95a98fc4799f9f8adaeb7fda) Importer(815301076,1909f56bfc062723c751e8b465ee728b)  -> (artifact id: '0a5cc452d0e70c2b692af031339c987e') in 0.415814 seconds 
  Import took 0.487434 seconds .

========================================================================
Received Import Request.
  Time since last request: 13.092468 seconds.
  path: Assets/MyAsset/beretta 92.png
  artifactKey: Guid(b90c36fe95a98fc4799f9f8adaeb7fda) Importer(815301076,1909f56bfc062723c751e8b465ee728b)
Start importing Assets/MyAsset/beretta 92.png using Guid(b90c36fe95a98fc4799f9f8adaeb7fda) Importer(815301076,1909f56bfc062723c751e8b465ee728b)  -> (artifact id: 'c62d042ef68afd37e36e8111d6d3b68c') in 0.023967 seconds 
  Import took 0.032220 seconds .

========================================================================
Received Import Request.
  Time since last request: 86.883959 seconds.
  path: Assets/Prefab/Beretta92.prefab
  artifactKey: Guid(302e5aa330b1ffb48b46e8e267135a1f) Importer(815301076,1909f56bfc062723c751e8b465ee728b)
Start importing Assets/Prefab/Beretta92.prefab using Guid(302e5aa330b1ffb48b46e8e267135a1f) Importer(815301076,1909f56bfc062723c751e8b465ee728b)  -> (artifact id: '53ca510346e659c39ffccbf189113e3b') in 0.049801 seconds 
  Import took 0.059719 seconds .

========================================================================
Received Prepare
Registering precompiled user dll's ...
Registered in 0.017803 seconds.
Begin MonoManager ReloadAssembly
Native extension for WindowsStandalone target not found
Refreshing native plugins compatible for Editor in 1.12 ms, found 3 plugins.
Preloading 0 native plugins for Editor in 0.00 ms.
Mono: successfully reloaded assembly
- Completed reload, in  2.793 seconds
Domain Reload Profiling:
	ReloadAssembly (2796ms)
		BeginReloadAssembly (459ms)
			ExecutionOrderSort (0ms)
			DisableScriptedObjects (26ms)
			BackupInstance (0ms)
			ReleaseScriptingObjects (0ms)
			CreateAndSetChildDomain (196ms)
		EndReloadAssembly (2166ms)
			LoadAssemblies (267ms)
			RebuildTransferFunctionScriptingTraits (0ms)
			SetupTypeCache (745ms)
			ReleaseScriptCaches (2ms)
			RebuildScriptCaches (104ms)
			SetupLoadedEditorAssemblies (805ms)
				LogAssemblyErrors (0ms)
				InitializePlatformSupportModulesInManaged (10ms)
				SetLoadedEditorAssemblies (1ms)
				RefreshPlugins (1ms)
				BeforeProcessingInitializeOnLoad (212ms)
				ProcessInitializeOnLoadAttributes (521ms)
				ProcessInitializeOnLoadMethodAttributes (32ms)
				AfterProcessingInitializeOnLoad (29ms)
				EditorAssembliesLoaded (0ms)
			ExecutionOrderSort2 (0ms)
			AwakeInstancesAfterBackupRestoration (20ms)
Platform modules already initialized, skipping
Refreshing native plugins compatible for Editor in 1.29 ms, found 3 plugins.
Preloading 0 native plugins for Editor in 0.00 ms.
Unloading 2768 Unused Serialized files (Serialized files now loaded: 0)
System memory in use before: 118.9 MB.
System memory in use after: 119.1 MB.

Unloading 21 unused Assets to reduce memory usage. Loaded Objects now: 3250.
Total: 8.549300 ms (FindLiveObjects: 0.425400 ms CreateObjectMapping: 0.328400 ms MarkObjects: 7.731200 ms  DeleteObjects: 0.062200 ms)

AssetImportParameters requested are different than current active one (requested -> active):
  custom:framework-win-MediaFoundation: 216162199b28c13a410421893ffa2e32 -> 
  custom:video-decoder-ogg-theora: a1e56fd34408186e4bbccfd4996cb3dc -> 
  custom:container-muxer-webm: aa71ff27fc2769a1b78a27578f13a17b -> 
  custom:container-demuxer-webm: 4f35f7cbe854078d1ac9338744f61a02 -> 
  custom:container-demuxer-ogg: 62fdf1f143b41e24485cea50d1cbac27 -> 
  custom:video-encoder-webm-vp8: eb34c28f22e8b96e1ab97ce403110664 -> 
  custom:video-decoder-webm-vp8: 9c59270c3fd7afecdb556c50c9e8de78 -> 
  custom:audio-decoder-ogg-vorbis: bf7c407c2cedff20999df2af8eb42d56 -> 
  custom:audio-encoder-webm-vorbis: bf7c407c2cedff20999df2af8eb42d56 -> 
========================================================================
Received Import Request.
  Time since last request: 545.050843 seconds.
  path: Assets/SO/WeaponData.asset
  artifactKey: Guid(a85ccc2c1a13c0f4c93b959db0878ea6) Importer(815301076,1909f56bfc062723c751e8b465ee728b)
Start importing Assets/SO/WeaponData.asset using Guid(a85ccc2c1a13c0f4c93b959db0878ea6) Importer(815301076,1909f56bfc062723c751e8b465ee728b)  -> (artifact id: '7ca1733e7201b31e727486d4bf972913') in 0.078696 seconds 
  Import took 0.090891 seconds .

========================================================================
Received Import Request.
  Time since last request: 819.330739 seconds.
  path: Assets/Prefab/Square.prefab
  artifactKey: Guid(b8e7bfa3d1d585747b45f1f6f715185b) Importer(815301076,1909f56bfc062723c751e8b465ee728b)
Start importing Assets/Prefab/Square.prefab using Guid(b8e7bfa3d1d585747b45f1f6f715185b) Importer(815301076,1909f56bfc062723c751e8b465ee728b)  -> (artifact id: '96ee3097c993377d616044707691ac2b') in 0.104720 seconds 
  Import took 0.115674 seconds .

========================================================================
Received Import Request.
  Time since last request: 40.601729 seconds.
  path: Assets/MyAsset/Tile
  artifactKey: Guid(91312c7a943d84848a1ba653a3f8f88a) Importer(815301076,1909f56bfc062723c751e8b465ee728b)
Start importing Assets/MyAsset/Tile using Guid(91312c7a943d84848a1ba653a3f8f88a) Importer(815301076,1909f56bfc062723c751e8b465ee728b)  -> (artifact id: '2bcca7d9191a657e475e04a15a3d8750') in 0.014565 seconds 
  Import took 0.022940 seconds .

========================================================================
Received Import Request.
  Time since last request: 0.038177 seconds.
  path: Assets/MyAsset/Tile/Palette.prefab
  artifactKey: Guid(a6e27b2b40dd5a34ea581f74fc40c6eb) Importer(815301076,1909f56bfc062723c751e8b465ee728b)
Start importing Assets/MyAsset/Tile/Palette.prefab using Guid(a6e27b2b40dd5a34ea581f74fc40c6eb) Importer(815301076,1909f56bfc062723c751e8b465ee728b)  -> (artifact id: 'd460918b88951b60fab30691378ece78') in 0.041821 seconds 
  Import took 0.050601 seconds .

========================================================================
Received Import Request.
  Time since last request: 58.262086 seconds.
  path: Assets/MyAsset/BackGround/slum/Background_house1.png
  artifactKey: Guid(785ed9acfb52166498969f9ea2ec800e) Importer(815301076,1909f56bfc062723c751e8b465ee728b)
Start importing Assets/MyAsset/BackGround/slum/Background_house1.png using Guid(785ed9acfb52166498969f9ea2ec800e) Importer(815301076,1909f56bfc062723c751e8b465ee728b)  -> (artifact id: '95ab18876bf8e29e3715cb9f6c1ed1b7') in 0.088012 seconds 
  Import took 0.098978 seconds .

========================================================================
Received Import Request.
  Time since last request: 0.000563 seconds.
  path: Assets/MyAsset/BackGround/slum/Background_house3.png
  artifactKey: Guid(1c9697c3cb7a3c14c9db91bf98517d75) Importer(815301076,1909f56bfc062723c751e8b465ee728b)
Start importing Assets/MyAsset/BackGround/slum/Background_house3.png using Guid(1c9697c3cb7a3c14c9db91bf98517d75) Importer(815301076,1909f56bfc062723c751e8b465ee728b)  -> (artifact id: '0b23be567a5a278922a4d6fdb2cac366') in 0.047511 seconds 
  Import took 0.058694 seconds .

========================================================================
Received Import Request.
  Time since last request: 0.000664 seconds.
  path: Assets/MyAsset/BackGround/slum/Background_house2.png
  artifactKey: Guid(055edb8b9dfd3c2458f77e9e64e4b39f) Importer(815301076,1909f56bfc062723c751e8b465ee728b)
Start importing Assets/MyAsset/BackGround/slum/Background_house2.png using Guid(055edb8b9dfd3c2458f77e9e64e4b39f) Importer(815301076,1909f56bfc062723c751e8b465ee728b)  -> (artifact id: '094a046472e6673d1a26f8da2a249b25') in 0.040918 seconds 
  Import took 0.050000 seconds .

========================================================================
Received Import Request.
  Time since last request: 9.542437 seconds.
  path: Assets/MyAsset/BackGround/slum/Background_house3.png
  artifactKey: Guid(1c9697c3cb7a3c14c9db91bf98517d75) Importer(815301076,1909f56bfc062723c751e8b465ee728b)
Start importing Assets/MyAsset/BackGround/slum/Background_house3.png using Guid(1c9697c3cb7a3c14c9db91bf98517d75) Importer(815301076,1909f56bfc062723c751e8b465ee728b)  -> (artifact id: 'af4b19a585fa9ffb8a87f8b2054379bf') in 0.026591 seconds 
  Import took 0.035211 seconds .

========================================================================
Received Import Request.
  Time since last request: 0.001057 seconds.
  path: Assets/MyAsset/BackGround/slum/Background_house1.png
  artifactKey: Guid(785ed9acfb52166498969f9ea2ec800e) Importer(815301076,1909f56bfc062723c751e8b465ee728b)
Start importing Assets/MyAsset/BackGround/slum/Background_house1.png using Guid(785ed9acfb52166498969f9ea2ec800e) Importer(815301076,1909f56bfc062723c751e8b465ee728b)  -> (artifact id: '8fe0f2c3c96eee630db71395ba71d105') in 0.028262 seconds 
  Import took 0.036533 seconds .

========================================================================
Received Import Request.
  Time since last request: 0.000678 seconds.
  path: Assets/MyAsset/BackGround/slum/Background_house2.png
  artifactKey: Guid(055edb8b9dfd3c2458f77e9e64e4b39f) Importer(815301076,1909f56bfc062723c751e8b465ee728b)
Start importing Assets/MyAsset/BackGround/slum/Background_house2.png using Guid(055edb8b9dfd3c2458f77e9e64e4b39f) Importer(815301076,1909f56bfc062723c751e8b465ee728b)  -> (artifact id: '6bfd0945a370b9b4dc551f50fc22b2a5') in 0.028355 seconds 
  Import took 0.036615 seconds .

========================================================================
Received Import Request.
  Time since last request: 26.769599 seconds.
  path: Assets/MyAsset/BackGround/slum/Tile_sky.png
  artifactKey: Guid(f28cbd3a9d31a5d40bd99abe4032188b) Importer(815301076,1909f56bfc062723c751e8b465ee728b)
Start importing Assets/MyAsset/BackGround/slum/Tile_sky.png using Guid(f28cbd3a9d31a5d40bd99abe4032188b) Importer(815301076,1909f56bfc062723c751e8b465ee728b)  -> (artifact id: '3614f1f10aa6efaf452c7e204fc9ade4') in 0.037427 seconds 
  Import took 0.046208 seconds .

========================================================================
Received Import Request.
  Time since last request: 13.694501 seconds.
  path: Assets/MyAsset/BackGround/slum/Tile_sky.png
  artifactKey: Guid(f28cbd3a9d31a5d40bd99abe4032188b) Importer(815301076,1909f56bfc062723c751e8b465ee728b)
Start importing Assets/MyAsset/BackGround/slum/Tile_sky.png using Guid(f28cbd3a9d31a5d40bd99abe4032188b) Importer(815301076,1909f56bfc062723c751e8b465ee728b)  -> (artifact id: 'fd23c2ac2157abe771d25c9e137c23b8') in 0.034839 seconds 
  Import took 0.047446 seconds .

AssetImportWorkerClient::OnTransportError - code=2 error=End of file
